#
# A fatal error has been detected by the Java Runtime Environment:
#
#  EXCEPTION_ACCESS_VIOLATION (0xc0000005) at pc=0x00000000699f3265, pid=11916, tid=0x0000000000000ad0
#
# JRE version: Java(TM) SE Runtime Environment (8.0_221-b11) (build 1.8.0_221-b11)
# Java VM: Java HotSpot(TM) 64-Bit Server VM (25.221-b11 mixed mode windows-amd64 compressed oops)
# Problematic frame:
# V  [jvm.dll+0x73265]
#
# Failed to write core dump. Minidumps are not enabled by default on client versions of Windows
#
# If you would like to submit a bug report, please visit:
#   http://bugreport.java.com/bugreport/crash.jsp
#

---------------  T H R E A D  ---------------

Current thread (0x000000001cc6a000):  VMThread [stack: 0x000000001e950000,0x000000001ea50000] [id=2768]

siginfo: ExceptionCode=0xc0000005, reading address 0xffffffffffffffff

Registers:
RAX=0x0000000069b17b58, RBX=0x0000000003133800, RCX=0x000000001c68e120, RDX=0x00000000699f3201
RSP=0x000000001ea4f0c8, RBP=0x00000000699f3260, RSI=0x0000000000000000, RDI=0x0000000000000000
R8 =0x000000000314dbe0, R9 =0x00000000032308da, R10=0x000000001ea4f150, R11=0x000000001ef4f060
R12=0x000000001caf57d8, R13=0x00000000000003d8, R14=0x000000001caf5400, R15=0x000000001caf57d8
RIP=0x00000000699f3265, EFLAGS=0x0000000000010246

Top of Stack: (sp=0x000000001ea4f0c8)
0x000000001ea4f0c8:   0000000069bc311e 000000001ea70800
0x000000001ea4f0d8:   00000000699f3260 0000000000000028
0x000000001ea4f0e8:   0000000069a1b36f 000000001ef4f070
0x000000001ea4f0f8:   00000000032308da 0000000003230790
0x000000001ea4f108:   0000000000000000 000000001ef4f150
0x000000001ea4f118:   000000001ef4f070 000000001ef4f070
0x000000001ea4f128:   00000000032308da 0000000003230790
0x000000001ea4f138:   0000000000000000 000000001ef4f150
0x000000001ea4f148:   000000001ef4f070 000000001ea4f1a0
0x000000001ea4f158:   0000000000000000 0000000000000008
0x000000001ea4f168:   0000000002eaeef0 000000006a13b878
0x000000001ea4f178:   0000000069bc30a0 0000000003133800
0x000000001ea4f188:   0000000000000000 0000000000000008
0x000000001ea4f198:   00000000031d9c20 000000001ef4f060
0x000000001ea4f1a8:   000000001ef4f060 0000000003230790
0x000000001ea4f1b8:   0000000000000000 0000000002eaf230 

Instructions: (pc=0x00000000699f3265)
0x00000000699f3245:   24 60 48 8b 6c 24 68 48 8b 74 24 70 48 83 c4 30
0x00000000699f3255:   41 5f 41 5e 41 5d 41 5c 5f c3 cc 48 8b 01 b2 01
0x00000000699f3265:   48 ff 60 48 cc cc cc cc cc cc cc 48 8d 15 e9 ff
0x00000000699f3275:   ff ff e9 44 5b 02 00 cc cc cc cc 48 89 5c 24 08 


Register to memory mapping:

RAX=0x0000000069b17b58 is an unknown value
RBX=0x0000000003133800 is a thread
RCX=0x000000001c68e120 is pointing into metadata
RDX=0x00000000699f3201 is an unknown value
RSP=0x000000001ea4f0c8 is an unknown value
RBP=0x00000000699f3260 is an unknown value
RSI=0x0000000000000000 is an unknown value
RDI=0x0000000000000000 is an unknown value
R8 =0x000000000314dbe0 is an unknown value
R9 =0x00000000032308da is at begin+179 in a stub
StubRoutines::call_stub [0x0000000003230827, 0x000000000323098b[ (356 bytes)
R10=0x000000001ea4f150 is an unknown value
R11=0x000000001ef4f060 is pointing into the stack for thread: 0x000000001ea70800
R12=0x000000001caf57d8 is an unknown value
R13=0x00000000000003d8 is an unknown value
R14=0x000000001caf5400 is an unknown value
R15=0x000000001caf57d8 is an unknown value


Stack: [0x000000001e950000,0x000000001ea50000],  sp=0x000000001ea4f0c8,  free space=1020k
Native frames: (J=compiled Java code, j=interpreted, Vv=VM code, C=native code)
V  [jvm.dll+0x73265]

VM_Operation (0x000000001f34f510): RedefineClasses, mode: safepoint, requested by thread 0x000000001eae9800


---------------  P R O C E S S  ---------------

Java Threads: ( => current thread )
  0x000000001ec41800 JavaThread "Service Thread" daemon [_thread_blocked, id=14060, stack(0x000000001f950000,0x000000001fa50000)]
  0x000000001ebaf000 JavaThread "C1 CompilerThread3" daemon [_thread_blocked, id=6476, stack(0x000000001f850000,0x000000001f950000)]
  0x000000001eba8800 JavaThread "C2 CompilerThread2" daemon [_thread_blocked, id=21444, stack(0x000000001f750000,0x000000001f850000)]
  0x000000001eba7800 JavaThread "C2 CompilerThread1" daemon [_thread_blocked, id=19528, stack(0x000000001f650000,0x000000001f750000)]
  0x000000001ebac800 JavaThread "C2 CompilerThread0" daemon [_thread_blocked, id=20020, stack(0x000000001f550000,0x000000001f650000)]
  0x000000001eaf4800 JavaThread "JDWP Command Reader" daemon [_thread_in_native, id=21948, stack(0x000000001f450000,0x000000001f550000)]
  0x000000001eaf3800 JavaThread "JDWP Event Helper Thread" daemon [_thread_blocked, id=13124, stack(0x000000001f350000,0x000000001f450000)]
  0x000000001eae9800 JavaThread "JDWP Transport Listener: dt_socket" daemon [_thread_blocked, id=22008, stack(0x000000001f250000,0x000000001f350000)]
  0x000000001ea8b800 JavaThread "Attach Listener" daemon [_thread_blocked, id=10720, stack(0x000000001f150000,0x000000001f250000)]
  0x000000001ea8a800 JavaThread "Signal Dispatcher" daemon [_thread_blocked, id=4640, stack(0x000000001f050000,0x000000001f150000)]
  0x000000001ea71000 JavaThread "Finalizer" daemon [_thread_blocked, id=17544, stack(0x000000001ef50000,0x000000001f050000)]
  0x000000001ea70800 JavaThread "Reference Handler" daemon [_thread_blocked, id=21040, stack(0x000000001ee50000,0x000000001ef50000)]
  0x0000000003133800 JavaThread "main" [_thread_blocked, id=16604, stack(0x0000000002db0000,0x0000000002eb0000)]

Other Threads:
=>0x000000001cc6a000 VMThread [stack: 0x000000001e950000,0x000000001ea50000] [id=2768]
  0x000000001ecdf000 WatcherThread [stack: 0x000000001fa50000,0x000000001fb50000] [id=22324]

VM state:at safepoint (normal execution)

VM Mutex/Monitor currently owned by a thread:  ([mutex/lock_event])
[0x0000000003130750] Threads_lock - owner thread: 0x000000001cc6a000

heap address: 0x00000006c1800000, size: 4072 MB, Compressed Oops mode: Zero based, Oop shift amount: 3
Narrow klass base: 0x0000000000000000, Narrow klass shift: 3
Compressed class space size: 1073741824 Address: 0x00000007c0000000

Heap:
 PSYoungGen      total 76288K, used 3932K [0x000000076b300000, 0x0000000770800000, 0x00000007c0000000)
  eden space 65536K, 6% used [0x000000076b300000,0x000000076b6d70f8,0x000000076f300000)
  from space 10752K, 0% used [0x000000076fd80000,0x000000076fd80000,0x0000000770800000)
  to   space 10752K, 0% used [0x000000076f300000,0x000000076f300000,0x000000076fd80000)
 ParOldGen       total 175104K, used 0K [0x00000006c1800000, 0x00000006cc300000, 0x000000076b300000)
  object space 175104K, 0% used [0x00000006c1800000,0x00000006c1800000,0x00000006cc300000)
 Metaspace       used 3256K, capacity 4664K, committed 4864K, reserved 1056768K
  class space    used 351K, capacity 424K, committed 512K, reserved 1048576K

Card table byte_map: [0x00000000125f0000,0x0000000012df0000] byte_map_base: 0x000000000efe4000

Marking Bits: (ParMarkBitMap*) 0x000000006a1a5ce0
 Begin Bits: [0x0000000013b40000, 0x0000000017ae0000)
 End Bits:   [0x0000000017ae0000, 0x000000001ba80000)

Polling page: 0x00000000011c0000

CodeCache: size=245760Kb used=1117Kb max_used=1126Kb free=244642Kb
 bounds [0x0000000003230000, 0x00000000034a0000, 0x0000000012230000]
 total_blobs=270 nmethods=34 adapters=158
 compilation: enabled

Compilation events (10 events):
Event: 0.269 Thread 0x000000001eba7800   31       4       java.lang.AbstractStringBuilder::append (29 bytes)
Event: 0.269 Thread 0x000000001ebaf000 nmethod 28 0x00000000033468d0 code [0x0000000003346a80, 0x0000000003347130]
Event: 0.269 Thread 0x000000001ebaf000   29  s    3       java.lang.StringBuffer::append (13 bytes)
Event: 0.269 Thread 0x000000001ebaf000 nmethod 29 0x0000000003345bd0 code [0x0000000003345d80, 0x00000000033464b8]
Event: 0.269 Thread 0x000000001ebaf000   30       3       java.io.WinNTFileSystem::isSlash (18 bytes)
Event: 0.269 Thread 0x000000001ebaf000 nmethod 30 0x000000000333fd90 code [0x000000000333fee0, 0x00000000033400d0]
Event: 0.271 Thread 0x000000001eba7800 nmethod 31 0x00000000033453d0 code [0x0000000003345520, 0x0000000003345948]
Event: 0.272 Thread 0x000000001ebaf000   33       1       java.net.URL::getQuery (5 bytes)
Event: 0.272 Thread 0x000000001ebaf000 nmethod 33 0x0000000003344d90 code [0x0000000003344ee0, 0x0000000003344ff0]
Event: 516.857 Thread 0x000000001ebaf000   34       3       java.util.HashMap::get (23 bytes)

GC Heap History (0 events):
No events

Deoptimization events (0 events):
No events

Classes redefined (4 events):
Event: 179.970 Thread 0x000000001cc6a000 redefined class name=DoublePointer.LeetCode88, count=1
Event: 344.700 Thread 0x000000001cc6a000 redefined class name=DoublePointer.LeetCode88, count=2
Event: 456.622 Thread 0x000000001cc6a000 redefined class name=DoublePointer.LeetCode88, count=3
Event: 485.075 Thread 0x000000001cc6a000 redefined class name=DoublePointer.LeetCode88, count=4

Internal exceptions (2 events):
Event: 0.062 Thread 0x0000000003133800 Exception <a 'java/lang/NoSuchMethodError': Method sun.misc.Unsafe.defineClass(Ljava/lang/String;[BII)Ljava/lang/Class; name or signature does not match> (0x000000076b307cb8) thrown at [C:\re\workspace\8-2-build-windows-amd64-cygwin\jdk8u221\13320\hotspot
Event: 0.062 Thread 0x0000000003133800 Exception <a 'java/lang/NoSuchMethodError': Method sun.misc.Unsafe.prefetchRead(Ljava/lang/Object;J)V name or signature does not match> (0x000000076b307fa0) thrown at [C:\re\workspace\8-2-build-windows-amd64-cygwin\jdk8u221\13320\hotspot\src\share\vm\prim

Events (10 events):
Event: 485.075 Executing VM operation: RedefineClasses done
Event: 485.184 Executing VM operation: ChangeBreakpoints
Event: 485.184 Executing VM operation: ChangeBreakpoints done
Event: 500.940 Executing VM operation: ChangeBreakpoints
Event: 500.940 Executing VM operation: ChangeBreakpoints done
Event: 500.953 Executing VM operation: ChangeBreakpoints
Event: 500.953 Executing VM operation: ChangeBreakpoints done
Event: 516.855 Executing VM operation: ChangeBreakpoints
Event: 516.855 Executing VM operation: ChangeBreakpoints done
Event: 516.857 Executing VM operation: RedefineClasses


Dynamic libraries:
0x00007ff700250000 - 0x00007ff700287000 	C:\Program Files\Java\jdk1.8.0_221\bin\java.exe
0x00007ffaef5a0000 - 0x00007ffaef790000 	C:\WINDOWS\SYSTEM32\ntdll.dll
0x00007ffaef020000 - 0x00007ffaef0d2000 	C:\WINDOWS\System32\KERNEL32.DLL
0x00007ffaed2f0000 - 0x00007ffaed595000 	C:\WINDOWS\System32\KERNELBASE.dll
0x00007ffaef330000 - 0x00007ffaef3d3000 	C:\WINDOWS\System32\ADVAPI32.dll
0x00007ffaef1b0000 - 0x00007ffaef24e000 	C:\WINDOWS\System32\msvcrt.dll
0x00007ffaef0e0000 - 0x00007ffaef177000 	C:\WINDOWS\System32\sechost.dll
0x00007ffaee790000 - 0x00007ffaee8b0000 	C:\WINDOWS\System32\RPCRT4.dll
0x00007ffaedac0000 - 0x00007ffaedc55000 	C:\WINDOWS\System32\USER32.dll
0x00007ffaec590000 - 0x00007ffaec5b1000 	C:\WINDOWS\System32\win32u.dll
0x00007ffaef180000 - 0x00007ffaef1a6000 	C:\WINDOWS\System32\GDI32.dll
0x00007ffaec8b0000 - 0x00007ffaeca46000 	C:\WINDOWS\System32\gdi32full.dll
0x00007ffaec7c0000 - 0x00007ffaec85e000 	C:\WINDOWS\System32\msvcp_win.dll
0x00007ffaed1f0000 - 0x00007ffaed2ea000 	C:\WINDOWS\System32\ucrtbase.dll
0x00007ffad30c0000 - 0x00007ffad3344000 	C:\WINDOWS\WinSxS\amd64_microsoft.windows.common-controls_6595b64144ccf1df_6.0.18362.1082_none_9e8193e1e45b25c1\COMCTL32.dll
0x00007ffaee290000 - 0x00007ffaee5c5000 	C:\WINDOWS\System32\combase.dll
0x00007ffaec710000 - 0x00007ffaec790000 	C:\WINDOWS\System32\bcryptPrimitives.dll
0x00007ffaee230000 - 0x00007ffaee25e000 	C:\WINDOWS\System32\IMM32.DLL
0x000000006ae30000 - 0x000000006af02000 	C:\Program Files\Java\jdk1.8.0_221\jre\bin\msvcr100.dll
0x0000000069980000 - 0x000000006a225000 	C:\Program Files\Java\jdk1.8.0_221\jre\bin\server\jvm.dll
0x00007ffaee780000 - 0x00007ffaee788000 	C:\WINDOWS\System32\PSAPI.DLL
0x00007ffae89f0000 - 0x00007ffae89f9000 	C:\WINDOWS\SYSTEM32\WSOCK32.dll
0x00007ffae5730000 - 0x00007ffae573a000 	C:\WINDOWS\SYSTEM32\VERSION.dll
0x00007ffaea220000 - 0x00007ffaea244000 	C:\WINDOWS\SYSTEM32\WINMM.dll
0x00007ffaeefb0000 - 0x00007ffaef01f000 	C:\WINDOWS\System32\WS2_32.dll
0x00007ffaea1a0000 - 0x00007ffaea1cd000 	C:\WINDOWS\SYSTEM32\winmmbase.dll
0x00007ffaec860000 - 0x00007ffaec8aa000 	C:\WINDOWS\System32\cfgmgr32.dll
0x00007ffae8a30000 - 0x00007ffae8a3f000 	C:\Program Files\Java\jdk1.8.0_221\jre\bin\verify.dll
0x00007ffae4b00000 - 0x00007ffae4b29000 	C:\Program Files\Java\jdk1.8.0_221\jre\bin\java.dll
0x00007ffacab10000 - 0x00007ffacab45000 	C:\Program Files\Java\jdk1.8.0_221\jre\bin\jdwp.dll
0x00007ffae8a10000 - 0x00007ffae8a18000 	C:\Program Files\Java\jdk1.8.0_221\jre\bin\npt.dll
0x00007ffacaae0000 - 0x00007ffacab03000 	C:\Program Files\Java\jdk1.8.0_221\jre\bin\instrument.dll
0x00007ffae4ae0000 - 0x00007ffae4af6000 	C:\Program Files\Java\jdk1.8.0_221\jre\bin\zip.dll
0x00007ffaee8b0000 - 0x00007ffaeef97000 	C:\WINDOWS\System32\SHELL32.dll
0x00007ffaed6c0000 - 0x00007ffaed769000 	C:\WINDOWS\System32\shcore.dll
0x00007ffaeca50000 - 0x00007ffaed1d0000 	C:\WINDOWS\System32\windows.storage.dll
0x00007ffaec4c0000 - 0x00007ffaec4e3000 	C:\WINDOWS\System32\profapi.dll
0x00007ffaec470000 - 0x00007ffaec4ba000 	C:\WINDOWS\System32\powrprof.dll
0x00007ffaec460000 - 0x00007ffaec470000 	C:\WINDOWS\System32\UMPDC.dll
0x00007ffaee5d0000 - 0x00007ffaee622000 	C:\WINDOWS\System32\shlwapi.dll
0x00007ffaec510000 - 0x00007ffaec521000 	C:\WINDOWS\System32\kernel.appcore.dll
0x00007ffaed1d0000 - 0x00007ffaed1e7000 	C:\WINDOWS\System32\cryptsp.dll
0x00007ffae4ad0000 - 0x00007ffae4ad9000 	C:\Program Files\Java\jdk1.8.0_221\jre\bin\dt_socket.dll
0x00007ffaebcb0000 - 0x00007ffaebd17000 	C:\WINDOWS\system32\mswsock.dll
0x00007ffaeae40000 - 0x00007ffaeb034000 	C:\WINDOWS\SYSTEM32\dbghelp.dll

VM Arguments:
jvm_args: -agentlib:jdwp=transport=dt_socket,address=127.0.0.1:59753,suspend=y,server=n -javaagent:C:\Users\JamZhang\.IntelliJIdea2017.3\system\captureAgent\debugger-agent.jar=C:\Users\JamZhang\AppData\Local\Temp\capture12294.props -Dfile.encoding=UTF-8 
java_command: DoublePointer.LeetCode88
java_class_path (initial): C:\Program Files\Java\jdk1.8.0_221\jre\lib\charsets.jar;C:\Program Files\Java\jdk1.8.0_221\jre\lib\deploy.jar;C:\Program Files\Java\jdk1.8.0_221\jre\lib\ext\access-bridge-64.jar;C:\Program Files\Java\jdk1.8.0_221\jre\lib\ext\cldrdata.jar;C:\Program Files\Java\jdk1.8.0_221\jre\lib\ext\dnsns.jar;C:\Program Files\Java\jdk1.8.0_221\jre\lib\ext\jaccess.jar;C:\Program Files\Java\jdk1.8.0_221\jre\lib\ext\jfxrt.jar;C:\Program Files\Java\jdk1.8.0_221\jre\lib\ext\localedata.jar;C:\Program Files\Java\jdk1.8.0_221\jre\lib\ext\nashorn.jar;C:\Program Files\Java\jdk1.8.0_221\jre\lib\ext\sunec.jar;C:\Program Files\Java\jdk1.8.0_221\jre\lib\ext\sunjce_provider.jar;C:\Program Files\Java\jdk1.8.0_221\jre\lib\ext\sunmscapi.jar;C:\Program Files\Java\jdk1.8.0_221\jre\lib\ext\sunpkcs11.jar;C:\Program Files\Java\jdk1.8.0_221\jre\lib\ext\zipfs.jar;C:\Program Files\Java\jdk1.8.0_221\jre\lib\javaws.jar;C:\Program Files\Java\jdk1.8.0_221\jre\lib\jce.jar;C:\Program Files\Java\jdk1.8.0_221\jre\lib\jfr.jar;C:\Program Files\Java\jdk1.8.0_221\jre\lib\jfxswt.jar;C:\Program Files\Java\jdk1.8.0_221\jre\lib\jsse.jar;C:\Program Files\Java\jdk1.8.0_221\jre\lib\management-agent.jar;C:\Program Files\Java\jdk1.8.0_221\jre\lib\plugin.jar;C:\Program Files\Java\jdk1.8.0_221\jre\lib\resources.jar;C:\Program Files\Java\jdk1.8.0_221\jre\lib\rt.jar;C:\Users\JamZhang\IdeaProjects\leetCode\target\test-classes;D:\apache-maven-3.5.4\apache-maven-3.5.4\repository\junit\junit\4.12\junit-4.12.jar;D:\apache-maven-3.5.4\apache-maven-3.5.4\repository\org\hamcrest\hamcrest-core\1.3\hamcrest-core-1.3.jar;D:\JetBrains\IntelliJ IDEA 2017.3.1\lib\idea_rt.jar;C:\Users\JamZhang\.IntelliJIdea2017.3\system\captureAgent\debugger-agent.jar
Launcher Type: SUN_STANDARD

Environment Variables:
JAVA_HOME=C:\Program Files\Java\jdk-12.0.2
CLASSPATH=C:\Program Files\Java\jdk-12.0.2\lib;C:\Program Files\Java\jdk-12.0.2\lib\tools.jar
PATH=C:\Program Files (x86)\Common Files\Oracle\Java\javapath;D:\NetSarang\Xshell 6\;D:\Python37\Scripts\;D:\Python37\;C:\WINDOWS\system32;C:\WINDOWS;C:\WINDOWS\System32\Wbem;C:\WINDOWS\System32\WindowsPowerShell\v1.0\;C:\WINDOWS\System32\OpenSSH\;C:\Program Files\Java\jdk-12.0.2\bin;C:\Program Files\Java\jdk-12.0.2\jre\bin;C:\Program Files (x86)\Intel\Intel(R) Management Engine Components\DAL;C:\Program Files\Intel\Intel(R) Management Engine Components\DAL;D:\Git\cmd;D:\nodejs\;D:\apache-tomcat-9.0.37\apache-tomcat-9.0.37\lib;D:\apache-tomcat-9.0.37\apache-tomcat-9.0.37\lib\servlet-api.jar;D:\apache-tomcat-9.0.37\apache-tomcat-9.0.37\lib\jsp-api.jar;C:\Program Files\MySQL\MySQL Shell 8.0\bin\;C:\Users\JamZhang\AppData\Local\Microsoft\WindowsApps;;D:\JetBrains\IntelliJ IDEA 2019.2\bin;;C:\Users\JamZhang\AppData\Roaming\npm
USERNAME=JamZhang
OS=Windows_NT
PROCESSOR_IDENTIFIER=Intel64 Family 6 Model 142 Stepping 10, GenuineIntel



---------------  S Y S T E M  ---------------

OS: Windows 10.0 , 64 bit Build 18362 (10.0.18362.1082)

CPU:total 8 (initial active 8) (4 cores per cpu, 2 threads per core) family 6 model 142 stepping 10, cmov, cx8, fxsr, mmx, sse, sse2, sse3, ssse3, sse4.1, sse4.2, popcnt, avx, avx2, clmul, erms, 3dnowpref, lzcnt, ht, tsc, tscinvbit, bmi1, bmi2, adx

Memory: 4k page, physical 16676452k(9003708k free), swap 20739684k(7262296k free)

vm_info: Java HotSpot(TM) 64-Bit Server VM (25.221-b11) for windows-amd64 JRE (1.8.0_221-b11), built on Jul  4 2019 04:39:29 by "java_re" with MS VC++ 10.0 (VS2010)

time: Thu Sep 24 12:31:29 2020
timezone: 中国标准时间
elapsed time: 516 seconds (0d 0h 8m 36s)

